<?xml version="1.0" encoding="UTF-8"?>
<!-- Generated by org.testng.reporters.JUnitReportReporter -->
<testsuite hostname="DESKTOP-2QH6AJN" failures="0" tests="2" name="TestCases.verifyRegistration" time="18.254" errors="0" timestamp="2024-09-06T15:56:49 IST" skipped="0">
  <testcase classname="TestCases.verifyRegistration" name="verifyRegisterationWithValidData" time="9.402"/>
  <system-out/>
  <testcase classname="TestCases.verifyRegistration" name="verifyRegisterationWithInBlankdData" time="8.852"/>
  <system-out/>
</testsuite> <!-- TestCases.verifyRegistration -->
