<?xml version="1.0" encoding="UTF-8"?>
<!-- Generated by org.testng.reporters.JUnitReportReporter -->
<testsuite hostname="DESKTOP-2QH6AJN" failures="0" tests="2" name="TestCases.verifyLogin" time="13.267" errors="0" timestamp="2024-09-06T15:56:49 IST" skipped="0">
  <testcase classname="TestCases.verifyLogin" name="verifyLoginWithValidData" time="6.513"/>
  <system-out/>
  <testcase classname="TestCases.verifyLogin" name="verifyLoginWithInValidData" time="6.754"/>
  <system-out/>
</testsuite> <!-- TestCases.verifyLogin -->
